<?xml version="1.0" encoding="UTF-8"?>
<!-- Generated by org.testng.reporters.JUnitReportReporter -->
<testsuite hostname="hareessh" name="com.hrm.PageTestCases.LoginTestCase" tests="2" failures="0" timestamp="23 Dec 2020 09:31:15 GMT" time="59.352" errors="0">
  <testcase name="LoginTest" time="29.426" classname="com.hrm.PageTestCases.LoginTestCase"/>
  <testcase name="getTitel" time="29.926" classname="com.hrm.PageTestCases.LoginTestCase"/>
</testsuite> <!-- com.hrm.PageTestCases.LoginTestCase -->
